\BOOKMARK [1][-]{section.1}{مقدمه}{}% 1
\BOOKMARK [1][-]{section.2}{آماده سازی اولیه}{}% 2
\BOOKMARK [1][-]{section.3}{بخش اول}{}% 3
\BOOKMARK [2][-]{subsection.3.1}{کد های مربوط به MLP}{section.3}% 4
\BOOKMARK [2][-]{subsection.3.2}{آزمایش ها}{section.3}% 5
\BOOKMARK [2][-]{subsection.3.3}{نتایج}{section.3}% 6
\BOOKMARK [1][-]{section.4}{بخش دو}{}% 7
\BOOKMARK [2][-]{subsection.4.1}{آزمایش ها}{section.4}% 8
\BOOKMARK [2][-]{subsection.4.2}{نتایج}{section.4}% 9
\BOOKMARK [1][-]{section.5}{بخش سوم}{}% 10
\BOOKMARK [2][-]{subsection.5.1}{تغییرات کد}{section.5}% 11
\BOOKMARK [2][-]{subsection.5.2}{آزمایش ها}{section.5}% 12
\BOOKMARK [2][-]{subsection.5.3}{نتابج}{section.5}% 13
\BOOKMARK [1][-]{section.6}{بخش چهار}{}% 14
\BOOKMARK [2][-]{subsection.6.1}{ تغییرات در کد}{section.6}% 15
\BOOKMARK [2][-]{subsection.6.2}{آزمایش ها}{section.6}% 16
\BOOKMARK [2][-]{subsection.6.3}{نتایج}{section.6}% 17
\BOOKMARK [1][-]{section.7}{بخش پنج}{}% 18
\BOOKMARK [2][-]{subsection.7.1}{توضیحات بخش کد}{section.7}% 19
\BOOKMARK [2][-]{subsection.7.2}{آزمایش ها}{section.7}% 20
\BOOKMARK [2][-]{subsection.7.3}{نتایج}{section.7}% 21
\BOOKMARK [1][-]{section.8}{بخش ششم}{}% 22
\BOOKMARK [2][-]{subsection.8.1}{تغییرات کد}{section.8}% 23
\BOOKMARK [2][-]{subsection.8.2}{آزمایش ها}{section.8}% 24
\BOOKMARK [2][-]{subsection.8.3}{نتایج}{section.8}% 25
\BOOKMARK [1][-]{section.9}{نتیجه گیری نهایی}{}% 26
\BOOKMARK [1][-]{section.10}{Optimizers\040and\040Activation\040Functions}{}% 27
\BOOKMARK [2][-]{subsection.10.1}{Optimizer ها}{section.10}% 28
\BOOKMARK [2][-]{subsection.10.2}{Activation Function ها}{section.10}% 29
\BOOKMARK [1][-]{section.11}{راهنمای اجرای کد}{}% 30
